[1012/184414:ERROR:angle_platform_impl.cc(33)] ANGLE Display::initialize error 5: DXGI 1.2 required to present to HWNDs owned by another process.
[1012/184414:ERROR:gl_surface_egl.cc(594)] eglInitialize D3D11 failed with error EGL_NOT_INITIALIZED, trying next display type
[0328/122016:WARNING:backend_impl.cc(1807)] Destroying invalid entry.
[0328/122022:ERROR:ipc_channel_win.cc(217)] pipe error: 109
[0328/122113:WARNING:backend_impl.cc(1807)] Destroying invalid entry.
[0328/122118:ERROR:ipc_channel_win.cc(217)] pipe error: 109
[0328/122139:WARNING:backend_impl.cc(1807)] Destroying invalid entry.
[0328/122200:ERROR:ipc_channel_win.cc(217)] pipe error: 109
[0328/122319:ERROR:ipc_channel_win.cc(217)] pipe error: 109
[0328/123733:ERROR:webgraphicscontext3d_command_buffer_impl.cc(199)] CommandBufferProxy::Initialize failed.
[0328/123733:ERROR:webgraphicscontext3d_command_buffer_impl.cc(218)] Failed to initialize command buffer.
[0328/124449:INFO:CONSOLE(0)] "Unrecognized Content-Security-Policy directive 'require-sri-for'.
", source: https://securityheaders.io/ (0)
[0328/124449:INFO:CONSOLE(0)] "The Content Security Policy directive 'upgrade-insecure-requests' is ignored when delivered in a report-only policy.", source: https://securityheaders.io/ (0)
[0328/124452:ERROR:ipc_channel_win.cc(217)] pipe error: 109
[0328/124522:INFO:CONSOLE(0)] "Failed to execute 'write' on 'Document': It isn't possible to write into a document from an asynchronously-loaded external script unless it is explicitly opened.", source: https://googleads.g.doubleclick.net/pagead/ads?client=ca-pub-3857768109978969&format=970x250&output=html&h=250&slotname=2836339934&adk=1475818235&adf=193337325&w=970&lmt=1490685321&loeid=26835105&flash=0&url=http%3A%2F%2Frequest.urih.com%2F&wgl=1&dt=1490685321628&bpp=34&bdt=179&fdt=39&idt=111&shv=r20170320&cbv=r20170110&saldr=aa&correlator=7517660423894&frm=20&ga_vid=1371772552.1490685322&ga_sid=1490685322&ga_hid=1997737643&ga_fc=0&pv=2&iag=3&icsg=2&nhd=1&dssz=2&mdo=0&mso=0&u_tz=330&u_his=1&u_java=0&u_h=1920&u_w=1080&u_ah=1920&u_aw=1006&u_cd=24&u_nplug=2&u_nmime=2&adx=17&ady=103&biw=1004&bih=1813&eid=575144605&oid=3&ref=https%3A%2F%2Fwww.google.co.in%2F&rx=0&eae=0&fc=16&brdim=75%2C86%2C75%2C86%2C1006%2C0%2C1004%2C1813%2C1004%2C1813&vis=1&rsz=%7C%7CeoE%7C&abl=CS&ppjl=u&pfx=0&fu=16&bc=1&ifi=1&xpc=HHSMcRHV8w&p=http%3A//request.urih.com&dtd=149 (0)
[0328/124523:INFO:CONSOLE(1)] "BB-DC -- initiated", source: https://s0.2mdn.net/ads/richmedia/studio/pv2/47183407/20170105133859391/google_sonic-cars_300x250/bannerboy_dc.min.js (1)
[0328/124524:INFO:CONSOLE(1)] "BB-DC -- polite load", source: https://s0.2mdn.net/ads/richmedia/studio/pv2/47183407/20170105133859391/google_sonic-cars_300x250/bannerboy_dc.min.js (1)
[0328/124524:INFO:CONSOLE(1)] "BB-DC -- banner is visible", source: https://s0.2mdn.net/ads/richmedia/studio/pv2/47183407/20170105133859391/google_sonic-cars_300x250/bannerboy_dc.min.js (1)
[0328/124524:INFO:CONSOLE(137)] "[object HTMLDivElement]", source: https://s0.2mdn.net/ads/richmedia/studio/pv2/47183407/20170105133859391/google_sonic-cars_300x250/animation.js (137)
[0328/124557:INFO:CONSOLE(0)] "Failed to execute 'write' on 'Document': It isn't possible to write into a document from an asynchronously-loaded external script unless it is explicitly opened.", source: https://googleads.g.doubleclick.net/pagead/ads?client=ca-pub-3857768109978969&format=970x250&output=html&h=250&slotname=2836339934&adk=1475818235&adf=193337325&w=970&lmt=1490685356&flash=0&url=http%3A%2F%2Frequest.urih.com%2F&wgl=1&dt=1490685356688&bpp=32&bdt=259&fdt=77&idt=125&shv=r20170320&cbv=r20170110&saldr=aa&correlator=7619512995676&frm=20&ga_vid=315270585.1490685357&ga_sid=1490685357&ga_hid=2138582690&ga_fc=0&pv=2&iag=3&icsg=2&nhd=1&dssz=2&mdo=0&mso=0&u_tz=330&u_his=1&u_java=0&u_h=1920&u_w=1080&u_ah=1920&u_aw=1006&u_cd=24&u_nplug=2&u_nmime=2&adx=17&ady=103&biw=1004&bih=1813&eid=575144605&oid=3&ref=https%3A%2F%2Fwww.google.co.in%2F&rx=0&eae=0&fc=16&brdim=75%2C86%2C75%2C86%2C1006%2C0%2C1004%2C1813%2C1004%2C1813&vis=1&rsz=%7C%7CeoE%7C&abl=CS&ppjl=t&pfx=0&fu=16&bc=1&ifi=1&xpc=IKWsOhsE5W&p=http%3A//request.urih.com&dtd=166 (0)
[0328/124605:INFO:CONSOLE(0)] "Failed to execute 'write' on 'Document': It isn't possible to write into a document from an asynchronously-loaded external script unless it is explicitly opened.", source: https://googleads.g.doubleclick.net/pagead/ads?client=ca-pub-3857768109978969&format=970x250&output=html&h=250&slotname=2836339934&adk=1475818235&adf=193337325&w=970&lmt=1490685365&flash=0&url=http%3A%2F%2Frequest.urih.com%2F&wgl=1&dt=1490685364897&bpp=32&bdt=63&fdt=41&idt=140&shv=r20170320&cbv=r20170110&saldr=aa&correlator=5893635832733&frm=20&ga_vid=1085384014.1490685365&ga_sid=1490685365&ga_hid=1912761034&ga_fc=0&pv=2&iag=3&icsg=2&nhd=1&dssz=2&mdo=0&mso=0&u_tz=330&u_his=1&u_java=0&u_h=1920&u_w=1080&u_ah=1920&u_aw=1006&u_cd=24&u_nplug=2&u_nmime=2&adx=17&ady=103&biw=1004&bih=1813&eid=575144605%2C828064250&oid=3&ref=https%3A%2F%2Fwww.google.co.in%2F&rx=0&eae=0&fc=16&brdim=75%2C86%2C75%2C86%2C1006%2C0%2C1004%2C1813%2C1004%2C1813&vis=1&rsz=%7C%7CeoE%7C&abl=CS&ppjl=t&pfx=0&fu=16&bc=1&ifi=1&xpc=5b1Zi7rviW&p=http%3A//request.urih.com&dtd=212 (0)
[0328/124623:ERROR:ipc_channel_win.cc(482)] pipe error: 109
[0328/124658:INFO:CONSOLE(0)] "Failed to execute 'write' on 'Document': It isn't possible to write into a document from an asynchronously-loaded external script unless it is explicitly opened.", source: https://googleads.g.doubleclick.net/pagead/ads?client=ca-pub-3857768109978969&format=970x250&output=html&h=250&slotname=2836339934&adk=1475818235&adf=193337325&w=970&lmt=1490685418&loeid=389613000&flash=0&url=http%3A%2F%2Frequest.urih.com%2F&wgl=1&dt=1490685418093&bpp=31&bdt=86&fdt=38&idt=81&shv=r20170320&cbv=r20170110&saldr=aa&correlator=2295580802002&frm=20&ga_vid=1091680816.1490685418&ga_sid=1490685418&ga_hid=710277378&ga_fc=0&pv=2&iag=3&icsg=2&nhd=1&dssz=2&mdo=0&mso=0&u_tz=330&u_his=1&u_java=0&u_h=1920&u_w=1080&u_ah=1920&u_aw=1006&u_cd=24&u_nplug=2&u_nmime=2&adx=17&ady=103&biw=1004&bih=1813&eid=4089037%2C575144605&oid=3&ref=https%3A%2F%2Fwww.google.co.in%2F&rx=0&eae=0&fc=16&brdim=75%2C86%2C75%2C86%2C1006%2C0%2C1004%2C1813%2C1004%2C1813&vis=1&rsz=%7C%7CeoE%7C&abl=CS&ppjl=t&pfx=0&fu=16&bc=1&ifi=1&xpc=adHvfHnO2N&p=http%3A//request.urih.com&dtd=119 (0)
[0328/124731:INFO:CONSOLE(0)] "Failed to execute 'write' on 'Document': It isn't possible to write into a document from an asynchronously-loaded external script unless it is explicitly opened.", source: https://googleads.g.doubleclick.net/pagead/ads?client=ca-pub-3857768109978969&format=970x250&output=html&h=250&slotname=2836339934&adk=1475818235&adf=193337325&w=970&lmt=1490685450&loeid=26835106&flash=0&url=http%3A%2F%2Frequest.urih.com%2F&wgl=1&dt=1490685450505&bpp=21&bdt=379&fdt=27&idt=67&shv=r20170320&cbv=r20170110&saldr=aa&correlator=2538953685609&frm=20&ga_vid=79990598.1490685451&ga_sid=1490685451&ga_hid=497228513&ga_fc=0&pv=2&iag=3&icsg=2&nhd=1&dssz=2&mdo=0&mso=0&u_tz=330&u_his=1&u_java=0&u_h=1920&u_w=1080&u_ah=1920&u_aw=1006&u_cd=24&u_nplug=2&u_nmime=2&adx=17&ady=103&biw=1004&bih=1813&eid=575144605%2C20040041&oid=3&ref=https%3A%2F%2Fwww.google.co.in%2F&rx=0&eae=0&fc=16&brdim=75%2C86%2C75%2C86%2C1006%2C0%2C1004%2C1813%2C1004%2C1813&vis=1&rsz=%7C%7CeoE%7C&abl=CS&ppjl=t&pfx=0&fu=16&bc=1&ifi=1&xpc=Fa6aVQgJvW&p=http%3A//request.urih.com&dtd=106 (0)
[0328/124814:INFO:CONSOLE(0)] "Failed to execute 'write' on 'Document': It isn't possible to write into a document from an asynchronously-loaded external script unless it is explicitly opened.", source: https://googleads.g.doubleclick.net/pagead/ads?client=ca-pub-3857768109978969&format=970x250&output=html&h=250&slotname=2836339934&adk=1475818235&adf=193337325&w=970&lmt=1490685493&flash=0&url=http%3A%2F%2Frequest.urih.com%2F&wgl=1&dt=1490685493622&bpp=32&bdt=95&fdt=44&idt=113&shv=r20170320&cbv=r20170110&saldr=aa&correlator=8174823808537&frm=20&ga_vid=1494649478.1490685494&ga_sid=1490685494&ga_hid=111005926&ga_fc=0&pv=2&iag=3&icsg=2&nhd=1&dssz=2&mdo=0&mso=0&u_tz=330&u_his=1&u_java=0&u_h=1920&u_w=1080&u_ah=1920&u_aw=1006&u_cd=24&u_nplug=2&u_nmime=2&adx=17&ady=103&biw=1004&bih=1813&eid=575144605&oid=3&ref=https%3A%2F%2Fwww.google.co.in%2F&rx=0&eae=0&fc=16&brdim=75%2C86%2C75%2C86%2C1006%2C0%2C1004%2C1813%2C1004%2C1813&vis=1&rsz=%7C%7CeoE%7C&abl=CS&ppjl=t&pfx=0&fu=16&bc=1&ifi=1&xpc=d0RmTdtanE&p=http%3A//request.urih.com&dtd=151 (0)
[0328/124814:INFO:CONSOLE(1)] "BB-DC -- initiated", source: https://s0.2mdn.net/ads/richmedia/studio/pv2/47185306/20170105133851130/google_sonic-bar-chart_300x250/bannerboy_dc.min.js (1)
[0328/124815:INFO:CONSOLE(1)] "BB-DC -- polite load", source: https://s0.2mdn.net/ads/richmedia/studio/pv2/47185306/20170105133851130/google_sonic-bar-chart_300x250/bannerboy_dc.min.js (1)
[0328/124815:INFO:CONSOLE(1)] "BB-DC -- banner is visible", source: https://s0.2mdn.net/ads/richmedia/studio/pv2/47185306/20170105133851130/google_sonic-bar-chart_300x250/bannerboy_dc.min.js (1)
[0328/124855:INFO:CONSOLE(0)] "Failed to execute 'write' on 'Document': It isn't possible to write into a document from an asynchronously-loaded external script unless it is explicitly opened.", source: https://googleads.g.doubleclick.net/pagead/ads?client=ca-pub-3857768109978969&format=970x250&output=html&h=250&slotname=2836339934&adk=1475818235&adf=193337325&w=970&lmt=1490685534&flash=0&url=http%3A%2F%2Frequest.urih.com%2F&wgl=1&dt=1490685534472&bpp=16&bdt=138&fdt=19&idt=65&shv=r20170320&cbv=r20170110&saldr=aa&correlator=5607521407751&frm=20&ga_vid=1201419210.1490685535&ga_sid=1490685535&ga_hid=1083680859&ga_fc=0&pv=2&iag=3&icsg=2&nhd=1&dssz=2&mdo=0&mso=0&u_tz=330&u_his=1&u_java=0&u_h=1920&u_w=1080&u_ah=1920&u_aw=1006&u_cd=24&u_nplug=2&u_nmime=2&adx=17&ady=103&biw=1004&bih=1813&eid=575144605&oid=3&ref=https%3A%2F%2Fwww.google.co.in%2F&rx=0&eae=0&fc=16&brdim=75%2C86%2C75%2C86%2C1006%2C0%2C1004%2C1813%2C1004%2C1813&vis=1&rsz=%7C%7CeoE%7C&abl=CS&ppjl=t&pfx=0&fu=16&bc=1&ifi=1&xpc=so0eGhSyWR&p=http%3A//request.urih.com&dtd=109 (0)
[0328/125112:WARNING:extension_protocols.cc(438)] Failed to GetPathForExtension: pkedcjkdefgpdelpbcmbmeomcjbeemfm
[0328/125112:WARNING:url_request_job_manager.cc(89)] Failed to map: chrome-extension://pkedcjkdefgpdelpbcmbmeomcjbeemfm/cast_sender.js
[0328/125112:WARNING:extension_protocols.cc(438)] Failed to GetPathForExtension: fjhoaacokmgbjemoflkofnenfaiekifl
[0328/125112:WARNING:url_request_job_manager.cc(89)] Failed to map: chrome-extension://fjhoaacokmgbjemoflkofnenfaiekifl/cast_sender.js
[0328/125112:INFO:CONSOLE(0)] "Mixed Content: The page at 'https://www.youtube.com/watch?v=YQHsXMglC9A' was loaded over HTTPS, but requested an insecure script 'sharpbrowser://storage/errors/cannotConnect.html'. This request has been blocked; the content must be served over HTTPS.", source: https://www.youtube.com/watch?v=YQHsXMglC9A (0)
[0328/125112:INFO:CONSOLE(0)] "Mixed Content: The page at 'https://www.youtube.com/watch?v=YQHsXMglC9A' was loaded over HTTPS, but requested an insecure script 'sharpbrowser://storage/errors/cannotConnect.html'. This request has been blocked; the content must be served over HTTPS.", source: https://www.youtube.com/watch?v=YQHsXMglC9A (0)
[0328/125112:WARNING:extension_protocols.cc(438)] Failed to GetPathForExtension: boadgeojelhgndaghljhdicfkmllpafd
[0328/125113:WARNING:url_request_job_manager.cc(89)] Failed to map: chrome-extension://boadgeojelhgndaghljhdicfkmllpafd/cast_sender.js
[0328/125113:INFO:CONSOLE(0)] "Mixed Content: The page at 'https://www.youtube.com/watch?v=YQHsXMglC9A' was loaded over HTTPS, but requested an insecure XMLHttpRequest endpoint 'sharpbrowser://storage/errors/cannotConnect.html'. This request has been blocked; the content must be served over HTTPS.", source: https://www.youtube.com/watch?v=YQHsXMglC9A (0)
[0328/125113:WARNING:extension_protocols.cc(438)] Failed to GetPathForExtension: dliochdbjfkdbacpmhlcpmleaejidimm
[0328/125113:WARNING:url_request_job_manager.cc(89)] Failed to map: chrome-extension://dliochdbjfkdbacpmhlcpmleaejidimm/cast_sender.js
[0328/125113:INFO:CONSOLE(0)] "Mixed Content: The page at 'https://www.youtube.com/watch?v=YQHsXMglC9A' was loaded over HTTPS, but requested an insecure XMLHttpRequest endpoint 'sharpbrowser://storage/errors/cannotConnect.html'. This request has been blocked; the content must be served over HTTPS.", source: https://www.youtube.com/watch?v=YQHsXMglC9A (0)
[0328/125113:WARNING:extension_protocols.cc(438)] Failed to GetPathForExtension: enhhojjnijigcajfphajepfemndkmdlo
[0328/125113:WARNING:url_request_job_manager.cc(89)] Failed to map: chrome-extension://enhhojjnijigcajfphajepfemndkmdlo/cast_sender.js
[0328/125113:INFO:CONSOLE(0)] "Mixed Content: The page at 'https://www.youtube.com/watch?v=YQHsXMglC9A' was loaded over HTTPS, but requested an insecure XMLHttpRequest endpoint 'sharpbrowser://storage/errors/cannotConnect.html'. This request has been blocked; the content must be served over HTTPS.", source: https://www.youtube.com/watch?v=YQHsXMglC9A (0)
[0328/125113:WARNING:extension_protocols.cc(438)] Failed to GetPathForExtension: fmfcbgogabcbclcofgocippekhfcmgfj
[0328/125113:WARNING:url_request_job_manager.cc(89)] Failed to map: chrome-extension://fmfcbgogabcbclcofgocippekhfcmgfj/cast_sender.js
[0328/125113:ERROR:gpu_video_decode_accelerator.cc(362)] HW video decode not available for profile 12
[0328/125113:INFO:CONSOLE(0)] "Mixed Content: The page at 'https://www.youtube.com/watch?v=YQHsXMglC9A' was loaded over HTTPS, but requested an insecure XMLHttpRequest endpoint 'sharpbrowser://storage/errors/cannotConnect.html'. This request has been blocked; the content must be served over HTTPS.", source: https://www.youtube.com/watch?v=YQHsXMglC9A (0)
[0328/125114:INFO:CONSOLE(548)] "Uncaught (in promise) TypeError: Cannot read property 'permission' of undefined", source: https://www.youtube.com/yts/jsbin/www-en_US-vflG_bpHk/base.js (548)
[0328/125117:ERROR:gpu_video_decode_accelerator.cc(362)] HW video decode not available for profile 12
[0328/125117:INFO:CONSOLE(548)] "Uncaught (in promise) TypeError: Cannot read property 'permission' of undefined", source: https://www.youtube.com/yts/jsbin/www-en_US-vflG_bpHk/base.js (548)
[0328/125120:ERROR:ipc_channel_win.cc(217)] pipe error: 109
[0328/125122:INFO:CONSOLE(0)] "Mixed Content: The page at 'https://www.youtube.com/watch?v=hLQl3WQQoQ0' was loaded over HTTPS, but requested an insecure resource 'sharpbrowser://storage/errors/cannotConnect.html'. This content should also be served over HTTPS.", source: https://www.youtube.com/watch?v=hLQl3WQQoQ0 (0)
[0328/125126:WARNING:extension_protocols.cc(438)] Failed to GetPathForExtension: pkedcjkdefgpdelpbcmbmeomcjbeemfm
[0328/125126:WARNING:url_request_job_manager.cc(89)] Failed to map: chrome-extension://pkedcjkdefgpdelpbcmbmeomcjbeemfm/cast_sender.js
[0328/125126:WARNING:extension_protocols.cc(438)] Failed to GetPathForExtension: fjhoaacokmgbjemoflkofnenfaiekifl
[0328/125126:WARNING:url_request_job_manager.cc(89)] Failed to map: chrome-extension://fjhoaacokmgbjemoflkofnenfaiekifl/cast_sender.js
[0328/125126:INFO:CONSOLE(0)] "Mixed Content: The page at 'https://www.youtube.com/watch?v=hLQl3WQQoQ0' was loaded over HTTPS, but requested an insecure script 'sharpbrowser://storage/errors/cannotConnect.html'. This request has been blocked; the content must be served over HTTPS.", source: https://www.youtube.com/watch?v=hLQl3WQQoQ0 (0)
[0328/125126:INFO:CONSOLE(0)] "Mixed Content: The page at 'https://www.youtube.com/watch?v=hLQl3WQQoQ0' was loaded over HTTPS, but requested an insecure script 'sharpbrowser://storage/errors/cannotConnect.html'. This request has been blocked; the content must be served over HTTPS.", source: https://www.youtube.com/watch?v=hLQl3WQQoQ0 (0)
[0328/125126:WARNING:extension_protocols.cc(438)] Failed to GetPathForExtension: boadgeojelhgndaghljhdicfkmllpafd
[0328/125126:WARNING:url_request_job_manager.cc(89)] Failed to map: chrome-extension://boadgeojelhgndaghljhdicfkmllpafd/cast_sender.js
[0328/125126:INFO:CONSOLE(0)] "Mixed Content: The page at 'https://www.youtube.com/watch?v=hLQl3WQQoQ0' was loaded over HTTPS, but requested an insecure XMLHttpRequest endpoint 'sharpbrowser://storage/errors/cannotConnect.html'. This request has been blocked; the content must be served over HTTPS.", source: https://www.youtube.com/watch?v=hLQl3WQQoQ0 (0)
[0328/125126:WARNING:extension_protocols.cc(438)] Failed to GetPathForExtension: dliochdbjfkdbacpmhlcpmleaejidimm
[0328/125126:WARNING:url_request_job_manager.cc(89)] Failed to map: chrome-extension://dliochdbjfkdbacpmhlcpmleaejidimm/cast_sender.js
[0328/125126:INFO:CONSOLE(0)] "Mixed Content: The page at 'https://www.youtube.com/watch?v=hLQl3WQQoQ0' was loaded over HTTPS, but requested an insecure XMLHttpRequest endpoint 'sharpbrowser://storage/errors/cannotConnect.html'. This request has been blocked; the content must be served over HTTPS.", source: https://www.youtube.com/watch?v=hLQl3WQQoQ0 (0)
[0328/125126:WARNING:extension_protocols.cc(438)] Failed to GetPathForExtension: enhhojjnijigcajfphajepfemndkmdlo
[0328/125126:WARNING:url_request_job_manager.cc(89)] Failed to map: chrome-extension://enhhojjnijigcajfphajepfemndkmdlo/cast_sender.js
[0328/125126:INFO:CONSOLE(0)] "Mixed Content: The page at 'https://www.youtube.com/watch?v=hLQl3WQQoQ0' was loaded over HTTPS, but requested an insecure XMLHttpRequest endpoint 'sharpbrowser://storage/errors/cannotConnect.html'. This request has been blocked; the content must be served over HTTPS.", source: https://www.youtube.com/watch?v=hLQl3WQQoQ0 (0)
[0328/125126:WARNING:extension_protocols.cc(438)] Failed to GetPathForExtension: fmfcbgogabcbclcofgocippekhfcmgfj
[0328/125126:WARNING:url_request_job_manager.cc(89)] Failed to map: chrome-extension://fmfcbgogabcbclcofgocippekhfcmgfj/cast_sender.js
[0328/125126:ERROR:gpu_video_decode_accelerator.cc(362)] HW video decode not available for profile 12
[0328/125126:INFO:CONSOLE(0)] "Mixed Content: The page at 'https://www.youtube.com/watch?v=hLQl3WQQoQ0' was loaded over HTTPS, but requested an insecure XMLHttpRequest endpoint 'sharpbrowser://storage/errors/cannotConnect.html'. This request has been blocked; the content must be served over HTTPS.", source: https://www.youtube.com/watch?v=hLQl3WQQoQ0 (0)
[0328/125127:INFO:CONSOLE(548)] "Uncaught (in promise) TypeError: Cannot read property 'permission' of undefined", source: https://www.youtube.com/yts/jsbin/www-en_US-vflG_bpHk/base.js (548)
[0328/125137:WARNING:extension_protocols.cc(438)] Failed to GetPathForExtension: pkedcjkdefgpdelpbcmbmeomcjbeemfm
[0328/125137:WARNING:url_request_job_manager.cc(89)] Failed to map: chrome-extension://pkedcjkdefgpdelpbcmbmeomcjbeemfm/cast_sender.js
[0328/125137:INFO:CONSOLE(0)] "Mixed Content: The page at 'https://www.youtube.com/watch?v=Ri7-vnrJD3k' was loaded over HTTPS, but requested an insecure script 'sharpbrowser://storage/errors/cannotConnect.html'. This request has been blocked; the content must be served over HTTPS.", source: https://www.youtube.com/watch?v=Ri7-vnrJD3k (0)
[0328/125137:WARNING:extension_protocols.cc(438)] Failed to GetPathForExtension: fjhoaacokmgbjemoflkofnenfaiekifl
[0328/125137:WARNING:url_request_job_manager.cc(89)] Failed to map: chrome-extension://fjhoaacokmgbjemoflkofnenfaiekifl/cast_sender.js
[0328/125137:WARNING:extension_protocols.cc(438)] Failed to GetPathForExtension: boadgeojelhgndaghljhdicfkmllpafd
[0328/125137:WARNING:url_request_job_manager.cc(89)] Failed to map: chrome-extension://boadgeojelhgndaghljhdicfkmllpafd/cast_sender.js
[0328/125137:INFO:CONSOLE(0)] "Mixed Content: The page at 'https://www.youtube.com/watch?v=Ri7-vnrJD3k' was loaded over HTTPS, but requested an insecure script 'sharpbrowser://storage/errors/cannotConnect.html'. This request has been blocked; the content must be served over HTTPS.", source: https://www.youtube.com/watch?v=Ri7-vnrJD3k (0)
[0328/125137:WARNING:extension_protocols.cc(438)] Failed to GetPathForExtension: dliochdbjfkdbacpmhlcpmleaejidimm
[0328/125137:WARNING:url_request_job_manager.cc(89)] Failed to map: chrome-extension://dliochdbjfkdbacpmhlcpmleaejidimm/cast_sender.js
[0328/125137:INFO:CONSOLE(0)] "Mixed Content: The page at 'https://www.youtube.com/watch?v=Ri7-vnrJD3k' was loaded over HTTPS, but requested an insecure XMLHttpRequest endpoint 'sharpbrowser://storage/errors/cannotConnect.html'. This request has been blocked; the content must be served over HTTPS.", source: https://www.youtube.com/watch?v=Ri7-vnrJD3k (0)
[0328/125137:INFO:CONSOLE(0)] "Mixed Content: The page at 'https://www.youtube.com/watch?v=Ri7-vnrJD3k' was loaded over HTTPS, but requested an insecure XMLHttpRequest endpoint 'sharpbrowser://storage/errors/cannotConnect.html'. This request has been blocked; the content must be served over HTTPS.", source: https://www.youtube.com/watch?v=Ri7-vnrJD3k (0)
[0328/125137:WARNING:extension_protocols.cc(438)] Failed to GetPathForExtension: enhhojjnijigcajfphajepfemndkmdlo
[0328/125137:WARNING:url_request_job_manager.cc(89)] Failed to map: chrome-extension://enhhojjnijigcajfphajepfemndkmdlo/cast_sender.js
[0328/125137:ERROR:gpu_video_decode_accelerator.cc(362)] HW video decode not available for profile 12
[0328/125137:WARNING:extension_protocols.cc(438)] Failed to GetPathForExtension: fmfcbgogabcbclcofgocippekhfcmgfj
[0328/125137:WARNING:url_request_job_manager.cc(89)] Failed to map: chrome-extension://fmfcbgogabcbclcofgocippekhfcmgfj/cast_sender.js
[0328/125137:INFO:CONSOLE(0)] "Mixed Content: The page at 'https://www.youtube.com/watch?v=Ri7-vnrJD3k' was loaded over HTTPS, but requested an insecure XMLHttpRequest endpoint 'sharpbrowser://storage/errors/cannotConnect.html'. This request has been blocked; the content must be served over HTTPS.", source: https://www.youtube.com/watch?v=Ri7-vnrJD3k (0)
[0328/125137:INFO:CONSOLE(0)] "Mixed Content: The page at 'https://www.youtube.com/watch?v=Ri7-vnrJD3k' was loaded over HTTPS, but requested an insecure XMLHttpRequest endpoint 'sharpbrowser://storage/errors/cannotConnect.html'. This request has been blocked; the content must be served over HTTPS.", source: https://www.youtube.com/watch?v=Ri7-vnrJD3k (0)
[0328/125138:INFO:CONSOLE(548)] "Uncaught (in promise) TypeError: Cannot read property 'permission' of undefined", source: https://www.youtube.com/yts/jsbin/www-en_US-vflG_bpHk/base.js (548)
[0328/125139:ERROR:ipc_channel_win.cc(217)] pipe error: 109
[0328/125142:ERROR:gpu_video_decode_accelerator.cc(362)] HW video decode not available for profile 12
[0328/125148:ERROR:ipc_channel_win.cc(217)] pipe error: 109
[0328/125208:ERROR:gpu_video_decode_accelerator.cc(362)] HW video decode not available for profile 12
[0328/125209:ERROR:ipc_channel_win.cc(519)] pipe error: 232
[0328/125209:ERROR:ipc_channel_win.cc(519)] pipe error: 232
[0328/125209:ERROR:ipc_channel_win.cc(519)] pipe error: 232
[0328/125209:ERROR:ipc_channel_win.cc(519)] pipe error: 232
[0328/125209:ERROR:ipc_channel_win.cc(519)] pipe error: 232
[0328/125209:ERROR:ipc_channel_win.cc(217)] pipe error: 109
[0328/125219:ERROR:render_media_log.cc(23)] MediaEvent: PIPELINE_ERROR demuxer: could not open
[0328/125219:ERROR:render_media_log.cc(23)] MediaEvent: PIPELINE_ERROR demuxer: could not open
[0328/125219:ERROR:render_media_log.cc(23)] MediaEvent: PIPELINE_ERROR demuxer: could not open
[0328/125219:ERROR:render_media_log.cc(23)] MediaEvent: PIPELINE_ERROR demuxer: could not open
[0328/125219:ERROR:render_media_log.cc(23)] MediaEvent: PIPELINE_ERROR demuxer: could not open
[0328/125219:ERROR:render_media_log.cc(23)] MediaEvent: PIPELINE_ERROR demuxer: could not open
[0328/125224:INFO:CONSOLE(3)] "Timeout has been reached for bid with slot", source: http://vlibs.advertising.com/one-publishers-api/PubTag/pubtaglib-0.x.x.js (3)
[0328/125224:INFO:CONSOLE(3)] "Timeout has been reached for bid with slot", source: http://vlibs.advertising.com/one-publishers-api/PubTag/pubtaglib-0.x.x.js (3)
[0328/125224:INFO:CONSOLE(3)] "Timeout has been reached for bid with slot", source: http://vlibs.advertising.com/one-publishers-api/PubTag/pubtaglib-0.x.x.js (3)
[0328/125224:INFO:CONSOLE(3)] "Timeout has been reached for bid with slot", source: http://vlibs.advertising.com/one-publishers-api/PubTag/pubtaglib-0.x.x.js (3)
[0328/125224:INFO:CONSOLE(3)] "Timeout has been reached for bid with slot", source: http://vlibs.advertising.com/one-publishers-api/PubTag/pubtaglib-0.x.x.js (3)
[0328/125224:INFO:CONSOLE(3)] "Timeout has been reached for bid with slot", source: http://vlibs.advertising.com/one-publishers-api/PubTag/pubtaglib-0.x.x.js (3)
[0328/125224:INFO:CONSOLE(3)] "Timeout has been reached for bid with slot", source: http://vlibs.advertising.com/one-publishers-api/PubTag/pubtaglib-0.x.x.js (3)
[0328/125228:ERROR:ipc_channel_win.cc(519)] pipe error: 232
[0328/125228:ERROR:ipc_channel_win.cc(217)] pipe error: 109
[0323/114803:INFO:CONSOLE(4)] "Uncaught ReferenceError: c is not defined", source: https://ss1.bdstatic.com/5eN1bjq8AAUYm2zgoY3K/r/www/cache/static/protocol/https/plugins/every_cookie_4644b13.js (4)
[0323/114804:INFO:CONSOLE(177)] "一张网页，要经历怎样的过程，才能抵达用户面前？
一位新人，要经历怎样的成长，才能站在技术之巅？
探寻这里的秘密；
体验这里的挑战；
成为这里的主人；
加入百度，加入网页搜索，你，可以影响世界。
", source: https://ss1.bdstatic.com/5eN1bjq8AAUYm2zgoY3K/r/www/cache/static/protocol/https/global/js/all_async_search_b8644da.js (177)
[0323/114804:INFO:CONSOLE(177)] "请将简历发送至 %c ps_recruiter@baidu.com（ 邮件标题请以“姓名-应聘XX职位-来自console”命名）", source: https://ss1.bdstatic.com/5eN1bjq8AAUYm2zgoY3K/r/www/cache/static/protocol/https/global/js/all_async_search_b8644da.js (177)
[0323/114804:INFO:CONSOLE(177)] "职位介绍：http://dwz.cn/hr2013", source: https://ss1.bdstatic.com/5eN1bjq8AAUYm2zgoY3K/r/www/cache/static/protocol/https/global/js/all_async_search_b8644da.js (177)
[0323/114911:INFO:CONSOLE(177)] "一张网页，要经历怎样的过程，才能抵达用户面前？
一位新人，要经历怎样的成长，才能站在技术之巅？
探寻这里的秘密；
体验这里的挑战；
成为这里的主人；
加入百度，加入网页搜索，你，可以影响世界。
", source: https://ss1.bdstatic.com/5eN1bjq8AAUYm2zgoY3K/r/www/cache/static/protocol/https/global/js/all_async_search_b8644da.js (177)
[0323/114911:INFO:CONSOLE(177)] "请将简历发送至 %c ps_recruiter@baidu.com（ 邮件标题请以“姓名-应聘XX职位-来自console”命名）", source: https://ss1.bdstatic.com/5eN1bjq8AAUYm2zgoY3K/r/www/cache/static/protocol/https/global/js/all_async_search_b8644da.js (177)
[0323/114911:INFO:CONSOLE(177)] "职位介绍：http://dwz.cn/hr2013", source: https://ss1.bdstatic.com/5eN1bjq8AAUYm2zgoY3K/r/www/cache/static/protocol/https/global/js/all_async_search_b8644da.js (177)
[0323/114924:WARNING:mediasession.cc(376)] Duplicate id found. Reassigning from 101 to 127
[0323/114925:WARNING:p2ptransportchannel.cc(487)] Jingle:Port[033EC280:data:1:0:local:Net[any:0.0.0.x/0:Unknown]]: SetOption(5, 0) failed: 0
[0323/114925:WARNING:p2ptransportchannel.cc(487)] Jingle:Port[033EC9B8:data:1:0:local:Net[any:0:0:0:x:x:x:x:x/0:Unknown]]: SetOption(5, 0) failed: 0
[0323/114925:WARNING:p2ptransportchannel.cc(487)] Jingle:Port[033EBDB0:data:2:0:local:Net[any:0.0.0.x/0:Unknown]]: SetOption(5, 0) failed: 0
[0323/114925:WARNING:p2ptransportchannel.cc(487)] Jingle:Port[033EC4E8:data:2:0:local:Net[any:0:0:0:x:x:x:x:x/0:Unknown]]: SetOption(5, 0) failed: 0
[0323/114927:ERROR:socket_dispatcher_host.cc(88)] Failed to resolve address for x., errorcode: -105
[0323/114927:ERROR:socket_dispatcher_host.cc(88)] Failed to resolve address for x., errorcode: -105
[0323/114927:WARNING:stunport.cc(393)] Jingle:Port[033B9480:data:1:0::Net[any:0.0.0.x/0:Unknown]]: StunPort: stun host lookup received error -1
[0323/114927:ERROR:socket_dispatcher_host.cc(88)] Failed to resolve address for x., errorcode: -105
[0323/114927:ERROR:socket_dispatcher_host.cc(88)] Failed to resolve address for x., errorcode: -105
[0323/114927:WARNING:stunport.cc(393)] Jingle:Port[033B89E0:data:1:0::Net[any:0:0:0:x:x:x:x:x/0:Unknown]]: StunPort: stun host lookup received error -1
[0323/114927:WARNING:stunport.cc(393)] Jingle:Port[033B8C88:data:2:0::Net[any:0.0.0.x/0:Unknown]]: StunPort: stun host lookup received error -1
[0323/114927:WARNING:stunport.cc(393)] Jingle:Port[17EF5B60:data:2:0::Net[any:0:0:0:x:x:x:x:x/0:Unknown]]: StunPort: stun host lookup received error -1
[0323/114936:INFO:CONSOLE(9)] "Deprecated method.", source: https://tb1.bdstatic.com/??tb/static-common/lib/tb_lib_897a2d1.js,tb/static-common/ui/common_logic_v2_d234a93.js,tb/static-common/js/tb_ui_603b0b7.js,/tb/_/ban_a9116cc.js (9)
